{"message":{"httpStatusCode":401,"description":"invalid username or password"},"level":"info"}
{"message":{"httpStatusCode":401,"description":"invalid username or password"},"level":"info"}
{"message":{"httpStatusCode":401,"description":"invalid username or password"},"level":"info"}
{"message":{"httpStatusCode":401,"description":"invalid username or password"},"level":"error"}
{"message":{"httpStatusCode":401,"description":"invalid username or password","level":"http"},"level":"error"}
{"message":{"httpStatusCode":401,"description":"invalid username or password","level":"http"},"level":"warn"}
{"message":{"httpStatusCode":401,"description":"invalid username or password","level":"http"},"level":"info"}
{"message":{"httpStatusCode":401,"description":"invalid username or password","level":"http"},"level":"error"}
{"message":{"httpStatusCode":401,"description":"invalid username or password","level":"http"},"level":"warn"}
{"message":{"httpStatusCode":401,"description":"invalid username or password","level":"http"},"level":"info"}
{"message":{"httpStatusCode":401,"description":"invalid username or password","level":"http"},"level":"error"}
{"message":{"httpStatusCode":401,"description":"invalid username or password","level":"http"},"level":"warn"}
{"message":{"httpStatusCode":401,"description":"invalid username or password","level":"http"},"level":"info"}
{"message":{"httpStatusCode":401,"description":"invalid username or password","level":"http"},"level":"error"}
{"message":{"httpStatusCode":401,"description":"invalid username or password","level":"http"},"level":"warn"}
{"message":{"httpStatusCode":401,"description":"invalid username or password","level":"http"},"level":"info"}
{"level":"http","message":"test"}
{"httpStatusCode":401,"description":"invalid username or password","level":"http"}
{"message":{"httpStatusCode":401,"description":"invalid username or password","level":"http"},"level":"error"}
{"message":{"httpStatusCode":401,"description":"invalid username or password","level":"http"},"level":"warn"}
{"message":{"httpStatusCode":401,"description":"invalid username or password","level":"http"},"level":"info"}
{"message":{"httpStatusCode":401,"description":"invalid username or password","level":"http"},"level":"http"}
{"message":{"httpStatusCode":401,"description":"invalid username or password","level":"http"},"level":"verbose"}
{"message":{"httpStatusCode":401,"description":"invalid username or password","level":"http"},"level":"debug"}
{"message":{"httpStatusCode":401,"description":"invalid username or password","level":"http"},"level":"silly"}
{"message":"silly","level":"silly"}
{"message":{"httpStatusCode":401,"description":"invalid username or password","level":"http"},"level":"http"}
undefined
undefined
undefined
undefined
undefined
undefined
undefined
undefined
undefined
undefined
undefined
[32mhttp[39m: test
[32mhttp[39m:  {"httpStatusCode":401,"description":"invalid username or password"}
[31merror[39m: Error
[33mwarn[39m: Error
[32minfo[39m: Error
[32mhttp[39m: Error
[36mverbose[39m: Error
[34mdebug[39m: Error
[35msilly[39m: Error
[35msilly[39m: silly
[32mhttp[39m: Error
[32mhttp[39m: test
[32mhttp[39m:  {"httpStatusCode":401,"description":"invalid username or password"}
[31merror[39m: Error
[33mwarn[39m: Error
[32minfo[39m: Error
[32mhttp[39m: Error
[36mverbose[39m: Error
[34mdebug[39m: Error
[35msilly[39m: Error
[35msilly[39m: silly
[32mhttp[39m: Error
[32mhttp[39m: test
[32mhttp[39m:  {"httpStatusCode":401,"description":"invalid username or password"}
[31merror[39m: Error
[33mwarn[39m: Error
[32minfo[39m: Error
[32mhttp[39m: Error
[36mverbose[39m: Error
[34mdebug[39m: Error
[35msilly[39m: Error
[35msilly[39m: silly
[32mhttp[39m: Error
[32mhttp[39m: test
[32mhttp[39m:  {"httpStatusCode":401,"description":"invalid username or password"}
[31merror[39m: Error
[33mwarn[39m: Error
[32minfo[39m: Error
[32mhttp[39m: Error
[36mverbose[39m: Error
[34mdebug[39m: Error
[35msilly[39m: Error
[35msilly[39m: silly
[32mhttp[39m: Error
[32mhttp[39m: test
[32mhttp[39m:  {"httpStatusCode":401,"description":"invalid username or password"}
[31merror[39m: Error
[33mwarn[39m: Error
[32minfo[39m: Error
[32mhttp[39m: Error
[36mverbose[39m: Error
[34mdebug[39m: Error
[35msilly[39m: Error
[35msilly[39m: silly
[32mhttp[39m: Error
[32mhttp[39m: test
[32mhttp[39m:  {"httpStatusCode":401,"description":"invalid username or password"}
[32mhttp[39m: test
[32mhttp[39m:  {"httpStatusCode":401,"description":"invalid username or password"}
[31merror[39m: Error
[33mwarn[39m: Error
[32minfo[39m: Error
[32mhttp[39m: Error
[36mverbose[39m: Error
[34mdebug[39m: Error
[35msilly[39m: Error
[35msilly[39m: silly
[32mhttp[39m: Error
[32mhttp[39m: test
[32mhttp[39m:  {"httpStatusCode":401,"description":"invalid username or password"}
[32mhttp[39m: test
[32mhttp[39m:  {"httpStatusCode":401,"description":"invalid username or password"}
[31merror[39m: Error
[33mwarn[39m: Error
[32minfo[39m: Error
[32mhttp[39m: Error
[36mverbose[39m: Error
[34mdebug[39m: Error
[35msilly[39m: Error
[35msilly[39m: silly
[32mhttp[39m: Error
[32mhttp[39m: test
[32mhttp[39m:  {"httpStatusCode":401,"description":"invalid username or password"}
[31merror[39m: Error
[33mwarn[39m: Error
[32minfo[39m: Error
[32mhttp[39m: Error
[36mverbose[39m: Error
[34mdebug[39m: Error
[35msilly[39m: Error
[35msilly[39m: silly
[32mhttp[39m: Error
[32mhttp[39m: test
[32mhttp[39m:  {"httpStatusCode":401,"description":"invalid username or password"}
[31merror[39m: Error
[33mwarn[39m: Error
[32minfo[39m: Error
[32mhttp[39m: Error
[36mverbose[39m: Error
[34mdebug[39m: Error
[35msilly[39m: Error
[35msilly[39m: silly
[32mhttp[39m: Error
[32mhttp[39m: test
[32mhttp[39m:  {"httpStatusCode":401,"description":"invalid username or password"}
[31merror[39m: Error
[33mwarn[39m: Error
[32minfo[39m: Error
[32mhttp[39m: Error
[36mverbose[39m: Error
[34mdebug[39m: Error
[35msilly[39m: Error
[35msilly[39m: silly
[32mhttp[39m: Error
[32mhttp[39m: test
[32mhttp[39m:  {"httpStatusCode":401,"description":"invalid username or password"}
[31merror[39m: Error
[33mwarn[39m: Error
[32minfo[39m: Error
[32mhttp[39m: Error
[36mverbose[39m: Error
[34mdebug[39m: Error
[35msilly[39m: Error
[35msilly[39m: silly
[32mhttp[39m: Error
[32mhttp[39m: test
[32mhttp[39m:  {"httpStatusCode":401,"description":"invalid username or password"}
[31merror[39m: Error
[33mwarn[39m: Error
[32minfo[39m: Error
[32mhttp[39m: Error
[36mverbose[39m: Error
[34mdebug[39m: Error
[35msilly[39m: Error
[35msilly[39m: silly
[32mhttp[39m: Error
[32mhttp[39m: test
[32mhttp[39m:  {"httpStatusCode":401,"description":"invalid username or password"}
[31merror[39m: Error
[33mwarn[39m: Error
[32minfo[39m: Error
[32mhttp[39m: Error
[36mverbose[39m: Error
[34mdebug[39m: Error
[35msilly[39m: Error
[35msilly[39m: silly
[32mhttp[39m: Error
[32mhttp[39m: test
[32mhttp[39m:  {"httpStatusCode":401,"description":"invalid username or password"}
[31merror[39m: Error
[33mwarn[39m: Error
[32minfo[39m: Error
[32mhttp[39m: Error
[36mverbose[39m: Error
[34mdebug[39m: Error
[35msilly[39m: Error
[35msilly[39m: silly
[32mhttp[39m: Error
[32mhttp[39m: test
[32mhttp[39m:  {"httpStatusCode":401,"description":"invalid username or password"}
[31merror[39m: Error
[33mwarn[39m: Error
[32minfo[39m: Error
[32mhttp[39m: Error
[36mverbose[39m: Error
[34mdebug[39m: Error
[35msilly[39m: Error
[35msilly[39m: silly
[32mhttp[39m: Error
[32mhttp[39m: test
[32mhttp[39m:  {"httpStatusCode":401,"description":"invalid username or password"}
[31merror[39m: Error
[33mwarn[39m: Error
[32minfo[39m: Error
[32mhttp[39m: Error
[36mverbose[39m: Error
[34mdebug[39m: Error
[35msilly[39m: Error
[35msilly[39m: silly
[32mhttp[39m: Error
[32mhttp[39m: test
[32mhttp[39m:  {"httpStatusCode":401,"description":"invalid username or password"}
[32mhttp[39m: test
[32mhttp[39m:  {"httpStatusCode":401,"description":"invalid username or password"}
[31merror[39m: Error
[33mwarn[39m: Error
[32minfo[39m: Error
[32mhttp[39m: Error
[36mverbose[39m: Error
[34mdebug[39m: Error
[35msilly[39m: Error
[35msilly[39m: silly
[32mhttp[39m: Error
[32mhttp[39m: test
[32mhttp[39m:  {"httpStatusCode":401,"description":"invalid username or password"}
[31merror[39m: Error
[33mwarn[39m: Error
[32minfo[39m: Error
[32mhttp[39m: Error
[36mverbose[39m: Error
[34mdebug[39m: Error
[35msilly[39m: Error
[35msilly[39m: silly
[32mhttp[39m: Error
[32mhttp[39m: test
[32mhttp[39m:  {"httpStatusCode":401,"description":"invalid username or password"}
[31merror[39m: Error
[33mwarn[39m: Error
[32minfo[39m: Error
[32mhttp[39m: Error
[36mverbose[39m: Error
[34mdebug[39m: Error
[35msilly[39m: Error
[35msilly[39m: silly
[32mhttp[39m: Error
undefined
undefined
undefined
undefined
undefined
undefined
undefined
undefined
undefined
undefined
undefined
{"level":"\u001b[32mhttp\u001b[39m","message":"test"}
{"httpStatusCode":401,"description":"invalid username or password","level":"\u001b[32mhttp\u001b[39m"}
{"message":{"httpStatusCode":401,"description":"invalid username or password","level":"\u001b[32mhttp\u001b[39m"},"level":"\u001b[31merror\u001b[39m"}
{"message":{"httpStatusCode":401,"description":"invalid username or password","level":"\u001b[32mhttp\u001b[39m"},"level":"\u001b[33mwarn\u001b[39m"}
{"message":{"httpStatusCode":401,"description":"invalid username or password","level":"\u001b[32mhttp\u001b[39m"},"level":"\u001b[32minfo\u001b[39m"}
{"message":{"httpStatusCode":401,"description":"invalid username or password","level":"\u001b[32mhttp\u001b[39m"},"level":"\u001b[32mhttp\u001b[39m"}
{"message":{"httpStatusCode":401,"description":"invalid username or password","level":"\u001b[32mhttp\u001b[39m"},"level":"\u001b[36mverbose\u001b[39m"}
{"message":{"httpStatusCode":401,"description":"invalid username or password","level":"\u001b[32mhttp\u001b[39m"},"level":"\u001b[34mdebug\u001b[39m"}
{"message":{"httpStatusCode":401,"description":"invalid username or password","level":"\u001b[32mhttp\u001b[39m"},"level":"\u001b[35msilly\u001b[39m"}
{"message":"silly","level":"\u001b[35msilly\u001b[39m"}
{"message":{"httpStatusCode":401,"description":"invalid username or password","level":"\u001b[32mhttp\u001b[39m"},"level":"\u001b[32mhttp\u001b[39m"}
{"level":"\u001b[32mhttp\u001b[39m","message":"test"}
{"httpStatusCode":401,"description":"invalid username or password","level":"\u001b[32mhttp\u001b[39m"}
{"message":{"httpStatusCode":401,"description":"invalid username or password","level":"\u001b[32mhttp\u001b[39m","timestamp":"2020-02-16T10:58:34.151Z"},"level":"\u001b[31merror\u001b[39m"}
{"message":{"httpStatusCode":401,"description":"invalid username or password","level":"\u001b[32mhttp\u001b[39m","timestamp":"2020-02-16T10:58:34.151Z"},"level":"\u001b[33mwarn\u001b[39m"}
{"message":{"httpStatusCode":401,"description":"invalid username or password","level":"\u001b[32mhttp\u001b[39m","timestamp":"2020-02-16T10:58:34.151Z"},"level":"\u001b[32minfo\u001b[39m"}
{"message":{"httpStatusCode":401,"description":"invalid username or password","level":"\u001b[32mhttp\u001b[39m","timestamp":"2020-02-16T10:58:34.151Z"},"level":"\u001b[32mhttp\u001b[39m"}
{"message":{"httpStatusCode":401,"description":"invalid username or password","level":"\u001b[32mhttp\u001b[39m","timestamp":"2020-02-16T10:58:34.151Z"},"level":"\u001b[36mverbose\u001b[39m"}
{"message":{"httpStatusCode":401,"description":"invalid username or password","level":"\u001b[32mhttp\u001b[39m","timestamp":"2020-02-16T10:58:34.151Z"},"level":"\u001b[34mdebug\u001b[39m"}
{"message":{"httpStatusCode":401,"description":"invalid username or password","level":"\u001b[32mhttp\u001b[39m","timestamp":"2020-02-16T10:58:34.151Z"},"level":"\u001b[35msilly\u001b[39m"}
{"message":"silly","level":"\u001b[35msilly\u001b[39m"}
{"message":{"httpStatusCode":401,"description":"invalid username or password","level":"\u001b[32mhttp\u001b[39m","timestamp":"2020-02-16T10:58:34.151Z"},"level":"\u001b[32mhttp\u001b[39m"}
[32mhttp[39m: test
[32mhttp[39m:  {"httpStatusCode":401,"description":"invalid username or password"}
[31merror[39m: Error
[33mwarn[39m: Error
[32minfo[39m: Error
[32mhttp[39m: Error
[36mverbose[39m: Error
[34mdebug[39m: Error
[35msilly[39m: Error
[35msilly[39m: silly
[32mhttp[39m: Error
http: test
http:  {"httpStatusCode":401,"description":"invalid username or password"}
error: Error
warn: Error
info: Error
http: Error
verbose: Error
debug: Error
silly: Error
silly: silly
http: Error
{ level: 'http', message: 'test' }
{
  httpStatusCode: 401,
  description: 'invalid username or password',
  level: 'http'
}
{
  message: AppError
      at Object.login (/server/services/authService.js:38:13)
      at processTicksAndRejections (internal/process/task_queues.js:97:5)
      at async login (/server/controllers/authController.js:10:19) {
    httpStatusCode: 401,
    description: 'invalid username or password',
    level: 'http',
    [Symbol(level)]: 'http',
    [Symbol(message)]: '{\n' +
      '  httpStatusCode: 401,\n' +
      "  description: 'invalid username or password',\n" +
      "  level: 'http'\n" +
      '}'
  },
  level: 'error'
}
{
  message: AppError
      at Object.login (/server/services/authService.js:38:13)
      at processTicksAndRejections (internal/process/task_queues.js:97:5)
      at async login (/server/controllers/authController.js:10:19) {
    httpStatusCode: 401,
    description: 'invalid username or password',
    level: 'http',
    [Symbol(level)]: 'http',
    [Symbol(message)]: '{\n' +
      '  httpStatusCode: 401,\n' +
      "  description: 'invalid username or password',\n" +
      "  level: 'http'\n" +
      '}'
  },
  level: 'warn'
}
{
  message: AppError
      at Object.login (/server/services/authService.js:38:13)
      at processTicksAndRejections (internal/process/task_queues.js:97:5)
      at async login (/server/controllers/authController.js:10:19) {
    httpStatusCode: 401,
    description: 'invalid username or password',
    level: 'http',
    [Symbol(level)]: 'http',
    [Symbol(message)]: '{\n' +
      '  httpStatusCode: 401,\n' +
      "  description: 'invalid username or password',\n" +
      "  level: 'http'\n" +
      '}'
  },
  level: 'info'
}
{
  message: AppError
      at Object.login (/server/services/authService.js:38:13)
      at processTicksAndRejections (internal/process/task_queues.js:97:5)
      at async login (/server/controllers/authController.js:10:19) {
    httpStatusCode: 401,
    description: 'invalid username or password',
    level: 'http',
    [Symbol(level)]: 'http',
    [Symbol(message)]: '{\n' +
      '  httpStatusCode: 401,\n' +
      "  description: 'invalid username or password',\n" +
      "  level: 'http'\n" +
      '}'
  },
  level: 'http'
}
{
  message: AppError
      at Object.login (/server/services/authService.js:38:13)
      at processTicksAndRejections (internal/process/task_queues.js:97:5)
      at async login (/server/controllers/authController.js:10:19) {
    httpStatusCode: 401,
    description: 'invalid username or password',
    level: 'http',
    [Symbol(level)]: 'http',
    [Symbol(message)]: '{\n' +
      '  httpStatusCode: 401,\n' +
      "  description: 'invalid username or password',\n" +
      "  level: 'http'\n" +
      '}'
  },
  level: 'verbose'
}
{
  message: AppError
      at Object.login (/server/services/authService.js:38:13)
      at processTicksAndRejections (internal/process/task_queues.js:97:5)
      at async login (/server/controllers/authController.js:10:19) {
    httpStatusCode: 401,
    description: 'invalid username or password',
    level: 'http',
    [Symbol(level)]: 'http',
    [Symbol(message)]: '{\n' +
      '  httpStatusCode: 401,\n' +
      "  description: 'invalid username or password',\n" +
      "  level: 'http'\n" +
      '}'
  },
  level: 'debug'
}
{
  message: AppError
      at Object.login (/server/services/authService.js:38:13)
      at processTicksAndRejections (internal/process/task_queues.js:97:5)
      at async login (/server/controllers/authController.js:10:19) {
    httpStatusCode: 401,
    description: 'invalid username or password',
    level: 'http',
    [Symbol(level)]: 'http',
    [Symbol(message)]: '{\n' +
      '  httpStatusCode: 401,\n' +
      "  description: 'invalid username or password',\n" +
      "  level: 'http'\n" +
      '}'
  },
  level: 'silly'
}
{ message: 'silly', level: 'silly' }
{
  message: AppError
      at Object.login (/server/services/authService.js:38:13)
      at processTicksAndRejections (internal/process/task_queues.js:97:5)
      at async login (/server/controllers/authController.js:10:19) {
    httpStatusCode: 401,
    description: 'invalid username or password',
    level: 'http',
    [Symbol(level)]: 'http',
    [Symbol(message)]: '{\n' +
      '  httpStatusCode: 401,\n' +
      "  description: 'invalid username or password',\n" +
      "  level: 'http'\n" +
      '}'
  },
  level: 'http'
}
http: test
http:  {"httpStatusCode":401,"description":"invalid username or password"}
error: Error
warn: Error
info: Error
http: Error
verbose: Error
debug: Error
silly: Error
silly: silly
http: Error
[32mhttp[39m: test
[32mhttp[39m:  {"httpStatusCode":401,"description":"invalid username or password"}
[31merror[39m: Error
[33mwarn[39m: Error
[32minfo[39m: Error
[32mhttp[39m: Error
[36mverbose[39m: Error
[34mdebug[39m: Error
[35msilly[39m: Error
[35msilly[39m: silly
[32mhttp[39m: Error
{"level":"\u001b[32mhttp\u001b[39m","message":"test"}
{"httpStatusCode":401,"description":"invalid username or password","level":"\u001b[32mhttp\u001b[39m"}
{"message":{"httpStatusCode":401,"description":"invalid username or password","level":"\u001b[32mhttp\u001b[39m"},"level":"\u001b[31merror\u001b[39m"}
{"message":{"httpStatusCode":401,"description":"invalid username or password","level":"\u001b[32mhttp\u001b[39m"},"level":"\u001b[33mwarn\u001b[39m"}
{"message":{"httpStatusCode":401,"description":"invalid username or password","level":"\u001b[32mhttp\u001b[39m"},"level":"\u001b[32minfo\u001b[39m"}
{"message":{"httpStatusCode":401,"description":"invalid username or password","level":"\u001b[32mhttp\u001b[39m"},"level":"\u001b[32mhttp\u001b[39m"}
{"message":{"httpStatusCode":401,"description":"invalid username or password","level":"\u001b[32mhttp\u001b[39m"},"level":"\u001b[36mverbose\u001b[39m"}
{"message":{"httpStatusCode":401,"description":"invalid username or password","level":"\u001b[32mhttp\u001b[39m"},"level":"\u001b[34mdebug\u001b[39m"}
{"message":{"httpStatusCode":401,"description":"invalid username or password","level":"\u001b[32mhttp\u001b[39m"},"level":"\u001b[35msilly\u001b[39m"}
{"message":"silly","level":"\u001b[35msilly\u001b[39m"}
{"message":{"httpStatusCode":401,"description":"invalid username or password","level":"\u001b[32mhttp\u001b[39m"},"level":"\u001b[32mhttp\u001b[39m"}
[32mhttp[39m: test
[32mhttp[39m:  {"httpStatusCode":401,"description":"invalid username or password"}
[31merror[39m: Error
[33mwarn[39m: Error
[32minfo[39m: Error
[32mhttp[39m: Error
[36mverbose[39m: Error
[34mdebug[39m: Error
[35msilly[39m: Error
[35msilly[39m: silly
[32mhttp[39m: Error
[32mhttp[39m: test {"timestamp":"2020-02-16T11:02:07.897Z"}
[32mhttp[39m:  {"httpStatusCode":401,"description":"invalid username or password","timestamp":"2020-02-16T11:02:07.907Z"}
[31merror[39m: Error {"timestamp":"2020-02-16T11:02:07.908Z"}
[33mwarn[39m: Error {"timestamp":"2020-02-16T11:02:07.909Z"}
[32minfo[39m: Error {"timestamp":"2020-02-16T11:02:07.909Z"}
[32mhttp[39m: Error {"timestamp":"2020-02-16T11:02:07.909Z"}
[36mverbose[39m: Error {"timestamp":"2020-02-16T11:02:07.909Z"}
[34mdebug[39m: Error {"timestamp":"2020-02-16T11:02:07.909Z"}
[35msilly[39m: Error {"timestamp":"2020-02-16T11:02:07.910Z"}
[35msilly[39m: silly {"timestamp":"2020-02-16T11:02:07.910Z"}
[32mhttp[39m: Error {"timestamp":"2020-02-16T11:02:07.910Z"}
[32mhttp[39m: test
[32mhttp[39m:  {"httpStatusCode":401,"description":"invalid username or password"}
[31merror[39m: Error
[33mwarn[39m: Error
[32minfo[39m: Error
[32mhttp[39m: Error
[36mverbose[39m: Error
[34mdebug[39m: Error
[35msilly[39m: Error
[35msilly[39m: silly
[32mhttp[39m: Error
[32mhttp[39m: [32mtest[39m
[32mhttp[39m:  {"httpStatusCode":401,"description":"invalid username or password"}
[31merror[39m: [31mAppError[39m
[31m    at Object.login (/server/services/authService.js:38:13)[39m
[31m    at processTicksAndRejections (internal/process/task_queues.js:97:5)[39m
[31m    at async login (/server/controllers/authController.js:10:19) {[39m
[31m  httpStatusCode: 401,[39m
[31m  description: 'invalid username or password',[39m
[31m  level: '\u001b[32mhttp\u001b[39m',[39m
[31m  message: '',[39m
[31m  [Symbol(level)]: 'http',[39m
[31m  [Symbol(message)]: '\u001b[32mhttp\u001b[39m:  {"httpStatusCode":401,"description":"invalid username or password"}'[39m
[31m}[39m
[33mwarn[39m: [33mAppError[39m
[33m    at Object.login (/server/services/authService.js:38:13)[39m
[33m    at processTicksAndRejections (internal/process/task_queues.js:97:5)[39m
[33m    at async login (/server/controllers/authController.js:10:19) {[39m
[33m  httpStatusCode: 401,[39m
[33m  description: 'invalid username or password',[39m
[33m  level: '\u001b[32mhttp\u001b[39m',[39m
[33m  message: '',[39m
[33m  [Symbol(level)]: 'http',[39m
[33m  [Symbol(message)]: '\u001b[32mhttp\u001b[39m:  {"httpStatusCode":401,"description":"invalid username or password"}'[39m
[33m}[39m
[32minfo[39m: [32mAppError[39m
[32m    at Object.login (/server/services/authService.js:38:13)[39m
[32m    at processTicksAndRejections (internal/process/task_queues.js:97:5)[39m
[32m    at async login (/server/controllers/authController.js:10:19) {[39m
[32m  httpStatusCode: 401,[39m
[32m  description: 'invalid username or password',[39m
[32m  level: '\u001b[32mhttp\u001b[39m',[39m
[32m  message: '',[39m
[32m  [Symbol(level)]: 'http',[39m
[32m  [Symbol(message)]: '\u001b[32mhttp\u001b[39m:  {"httpStatusCode":401,"description":"invalid username or password"}'[39m
[32m}[39m
[32mhttp[39m: [32mAppError[39m
[32m    at Object.login (/server/services/authService.js:38:13)[39m
[32m    at processTicksAndRejections (internal/process/task_queues.js:97:5)[39m
[32m    at async login (/server/controllers/authController.js:10:19) {[39m
[32m  httpStatusCode: 401,[39m
[32m  description: 'invalid username or password',[39m
[32m  level: '\u001b[32mhttp\u001b[39m',[39m
[32m  message: '',[39m
[32m  [Symbol(level)]: 'http',[39m
[32m  [Symbol(message)]: '\u001b[32mhttp\u001b[39m:  {"httpStatusCode":401,"description":"invalid username or password"}'[39m
[32m}[39m
[36mverbose[39m: [36mAppError[39m
[36m    at Object.login (/server/services/authService.js:38:13)[39m
[36m    at processTicksAndRejections (internal/process/task_queues.js:97:5)[39m
[36m    at async login (/server/controllers/authController.js:10:19) {[39m
[36m  httpStatusCode: 401,[39m
[36m  description: 'invalid username or password',[39m
[36m  level: '\u001b[32mhttp\u001b[39m',[39m
[36m  message: '',[39m
[36m  [Symbol(level)]: 'http',[39m
[36m  [Symbol(message)]: '\u001b[32mhttp\u001b[39m:  {"httpStatusCode":401,"description":"invalid username or password"}'[39m
[36m}[39m
[34mdebug[39m: [34mAppError[39m
[34m    at Object.login (/server/services/authService.js:38:13)[39m
[34m    at processTicksAndRejections (internal/process/task_queues.js:97:5)[39m
[34m    at async login (/server/controllers/authController.js:10:19) {[39m
[34m  httpStatusCode: 401,[39m
[34m  description: 'invalid username or password',[39m
[34m  level: '\u001b[32mhttp\u001b[39m',[39m
[34m  message: '',[39m
[34m  [Symbol(level)]: 'http',[39m
[34m  [Symbol(message)]: '\u001b[32mhttp\u001b[39m:  {"httpStatusCode":401,"description":"invalid username or password"}'[39m
[34m}[39m
[35msilly[39m: [35mAppError[39m
[35m    at Object.login (/server/services/authService.js:38:13)[39m
[35m    at processTicksAndRejections (internal/process/task_queues.js:97:5)[39m
[35m    at async login (/server/controllers/authController.js:10:19) {[39m
[35m  httpStatusCode: 401,[39m
[35m  description: 'invalid username or password',[39m
[35m  level: '\u001b[32mhttp\u001b[39m',[39m
[35m  message: '',[39m
[35m  [Symbol(level)]: 'http',[39m
[35m  [Symbol(message)]: '\u001b[32mhttp\u001b[39m:  {"httpStatusCode":401,"description":"invalid username or password"}'[39m
[35m}[39m
[35msilly[39m: [35msilly[39m
[32mhttp[39m: [32mAppError[39m
[32m    at Object.login (/server/services/authService.js:38:13)[39m
[32m    at processTicksAndRejections (internal/process/task_queues.js:97:5)[39m
[32m    at async login (/server/controllers/authController.js:10:19) {[39m
[32m  httpStatusCode: 401,[39m
[32m  description: 'invalid username or password',[39m
[32m  level: '\u001b[32mhttp\u001b[39m',[39m
[32m  message: '',[39m
[32m  [Symbol(level)]: 'http',[39m
[32m  [Symbol(message)]: '\u001b[32mhttp\u001b[39m:  {"httpStatusCode":401,"description":"invalid username or password"}'[39m
[32m}[39m
[32mhttp[39m: test
[32mhttp[39m:  {"httpStatusCode":401,"description":"invalid username or password"}
[31merror[39m: Error
[33mwarn[39m: Error
[32minfo[39m: Error
[32mhttp[39m: Error
[36mverbose[39m: Error
[34mdebug[39m: Error
[35msilly[39m: Error
[35msilly[39m: silly
[32mhttp[39m: Error
[32mhttp[39m: [32mtest[39m
[32mhttp[39m:  {"httpStatusCode":401,"description":"invalid username or password"}
[31merror[39m: [31mAppError[39m
[31m    at Object.login (/server/services/authService.js:38:13)[39m
[31m    at processTicksAndRejections (internal/process/task_queues.js:97:5)[39m
[31m    at async login (/server/controllers/authController.js:10:19) {[39m
[31m  httpStatusCode: 401,[39m
[31m  description: 'invalid username or password',[39m
[31m  level: '\u001b[32mhttp\u001b[39m',[39m
[31m  message: '',[39m
[31m  [Symbol(level)]: 'http',[39m
[31m  [Symbol(message)]: '\u001b[32mhttp\u001b[39m:  {"httpStatusCode":401,"description":"invalid username or password"}'[39m
[31m}[39m
[33mwarn[39m: [33mAppError[39m
[33m    at Object.login (/server/services/authService.js:38:13)[39m
[33m    at processTicksAndRejections (internal/process/task_queues.js:97:5)[39m
[33m    at async login (/server/controllers/authController.js:10:19) {[39m
[33m  httpStatusCode: 401,[39m
[33m  description: 'invalid username or password',[39m
[33m  level: '\u001b[32mhttp\u001b[39m',[39m
[33m  message: '',[39m
[33m  [Symbol(level)]: 'http',[39m
[33m  [Symbol(message)]: '\u001b[32mhttp\u001b[39m:  {"httpStatusCode":401,"description":"invalid username or password"}'[39m
[33m}[39m
[32minfo[39m: [32mAppError[39m
[32m    at Object.login (/server/services/authService.js:38:13)[39m
[32m    at processTicksAndRejections (internal/process/task_queues.js:97:5)[39m
[32m    at async login (/server/controllers/authController.js:10:19) {[39m
[32m  httpStatusCode: 401,[39m
[32m  description: 'invalid username or password',[39m
[32m  level: '\u001b[32mhttp\u001b[39m',[39m
[32m  message: '',[39m
[32m  [Symbol(level)]: 'http',[39m
[32m  [Symbol(message)]: '\u001b[32mhttp\u001b[39m:  {"httpStatusCode":401,"description":"invalid username or password"}'[39m
[32m}[39m
[32mhttp[39m: [32mAppError[39m
[32m    at Object.login (/server/services/authService.js:38:13)[39m
[32m    at processTicksAndRejections (internal/process/task_queues.js:97:5)[39m
[32m    at async login (/server/controllers/authController.js:10:19) {[39m
[32m  httpStatusCode: 401,[39m
[32m  description: 'invalid username or password',[39m
[32m  level: '\u001b[32mhttp\u001b[39m',[39m
[32m  message: '',[39m
[32m  [Symbol(level)]: 'http',[39m
[32m  [Symbol(message)]: '\u001b[32mhttp\u001b[39m:  {"httpStatusCode":401,"description":"invalid username or password"}'[39m
[32m}[39m
[36mverbose[39m: [36mAppError[39m
[36m    at Object.login (/server/services/authService.js:38:13)[39m
[36m    at processTicksAndRejections (internal/process/task_queues.js:97:5)[39m
[36m    at async login (/server/controllers/authController.js:10:19) {[39m
[36m  httpStatusCode: 401,[39m
[36m  description: 'invalid username or password',[39m
[36m  level: '\u001b[32mhttp\u001b[39m',[39m
[36m  message: '',[39m
[36m  [Symbol(level)]: 'http',[39m
[36m  [Symbol(message)]: '\u001b[32mhttp\u001b[39m:  {"httpStatusCode":401,"description":"invalid username or password"}'[39m
[36m}[39m
[34mdebug[39m: [34mAppError[39m
[34m    at Object.login (/server/services/authService.js:38:13)[39m
[34m    at processTicksAndRejections (internal/process/task_queues.js:97:5)[39m
[34m    at async login (/server/controllers/authController.js:10:19) {[39m
[34m  httpStatusCode: 401,[39m
[34m  description: 'invalid username or password',[39m
[34m  level: '\u001b[32mhttp\u001b[39m',[39m
[34m  message: '',[39m
[34m  [Symbol(level)]: 'http',[39m
[34m  [Symbol(message)]: '\u001b[32mhttp\u001b[39m:  {"httpStatusCode":401,"description":"invalid username or password"}'[39m
[34m}[39m
[35msilly[39m: [35mAppError[39m
[35m    at Object.login (/server/services/authService.js:38:13)[39m
[35m    at processTicksAndRejections (internal/process/task_queues.js:97:5)[39m
[35m    at async login (/server/controllers/authController.js:10:19) {[39m
[35m  httpStatusCode: 401,[39m
[35m  description: 'invalid username or password',[39m
[35m  level: '\u001b[32mhttp\u001b[39m',[39m
[35m  message: '',[39m
[35m  [Symbol(level)]: 'http',[39m
[35m  [Symbol(message)]: '\u001b[32mhttp\u001b[39m:  {"httpStatusCode":401,"description":"invalid username or password"}'[39m
[35m}[39m
[35msilly[39m: [35msilly[39m
[32mhttp[39m: [32mAppError[39m
[32m    at Object.login (/server/services/authService.js:38:13)[39m
[32m    at processTicksAndRejections (internal/process/task_queues.js:97:5)[39m
[32m    at async login (/server/controllers/authController.js:10:19) {[39m
[32m  httpStatusCode: 401,[39m
[32m  description: 'invalid username or password',[39m
[32m  level: '\u001b[32mhttp\u001b[39m',[39m
[32m  message: '',[39m
[32m  [Symbol(level)]: 'http',[39m
[32m  [Symbol(message)]: '\u001b[32mhttp\u001b[39m:  {"httpStatusCode":401,"description":"invalid username or password"}'[39m
[32m}[39m
[32mhttp[39m: test
[32mhttp[39m:  {"httpStatusCode":401,"description":"invalid username or password"}
[31merror[39m: Error
[33mwarn[39m: Error
[32minfo[39m: Error
[32mhttp[39m: Error
[36mverbose[39m: Error
[34mdebug[39m: Error
[35msilly[39m: Error
[35msilly[39m: silly
[32mhttp[39m: Error
[32mhttp[39m: test
[32mhttp[39m: test
[32mhttp[39m: test
[32mhttp[39m: test
[32mhttp[39m: test
[32mhttp[39m:  {"httpStatusCode":401,"description":"invalid username or password"}
[31merror[39m: Error
[33mwarn[39m: Error
[32minfo[39m: Error
[32mhttp[39m: Error
[36mverbose[39m: Error
[34mdebug[39m: Error
[35msilly[39m: Error
[35msilly[39m: silly
[32mhttp[39m: Error
[32mhttp[39m: test
[32mhttp[39m:  {"httpStatusCode":401,"description":"invalid username or password"}
[31merror[39m: Error
[33mwarn[39m: Error
[32minfo[39m: Error
[32mhttp[39m: Error
[36mverbose[39m: Error
[34mdebug[39m: Error
[35msilly[39m: Error
[35msilly[39m: silly
[32mhttp[39m: Error
[32mhttp[39m: test
[32mhttp[39m:  {"httpStatusCode":401,"description":"invalid username or password"}
[31merror[39m: Error
[33mwarn[39m: Error
[32minfo[39m: Error
[32mhttp[39m: Error
[36mverbose[39m: Error
[34mdebug[39m: Error
[35msilly[39m: Error
[35msilly[39m: silly
[32mhttp[39m: Error
[32mhttp[39m: test
[32mhttp[39m:  {"httpStatusCode":401,"description":"invalid username or password"}
[31merror[39m: Error
[33mwarn[39m: Error
[32minfo[39m: Error
[32mhttp[39m: Error
[36mverbose[39m: Error
[34mdebug[39m: Error
[35msilly[39m: Error
[35msilly[39m: silly
[32mhttp[39m: Error
[32mhttp[39m: test
[32mhttp[39m: test
[32mhttp[39m: test
[32mhttp[39m: test
[32mhttp[39m: test
[32mhttp[39m: test
[32mhttp[39m: test
[32mhttp[39m: test
[32mhttp[39m: test
[32mhttp[39m: test
[32mhttp[39m: test
[32mhttp[39m: test
[32mhttp[39m: test
[32mhttp[39m:  {"httpStatusCode":401,"description":"invalid username or password"}
[31merror[39m: Error
[33mwarn[39m: Error
[32minfo[39m: Error
[32mhttp[39m: Error
[36mverbose[39m: Error
[34mdebug[39m: Error
[35msilly[39m: Error
[35msilly[39m: silly
[32mhttp[39m: Error
[32mhttp[39m: test
[32mhttp[39m:  {"httpStatusCode":401,"description":"invalid username or password"}
[31merror[39m: Error
[33mwarn[39m: Error
[32minfo[39m: Error
[32mhttp[39m: Error
[36mverbose[39m: Error
[34mdebug[39m: Error
[35msilly[39m: Error
[35msilly[39m: silly
[32mhttp[39m: Error
[32mhttp[39m: test
[32mhttp[39m:  {"httpStatusCode":401,"description":"invalid username or password"}
[31merror[39m: Error
[33mwarn[39m: Error
[32minfo[39m: Error
[32mhttp[39m: Error
[36mverbose[39m: Error
[34mdebug[39m: Error
[35msilly[39m: Error
[35msilly[39m: silly
[32mhttp[39m: Error
[32mhttp[39m: test
[32mhttp[39m:  {"httpStatusCode":401,"description":"invalid username or password"}
[31merror[39m: Error
[33mwarn[39m: Error
[32minfo[39m: Error
[32mhttp[39m: Error
[36mverbose[39m: Error
[34mdebug[39m: Error
[35msilly[39m: Error
[35msilly[39m: silly
[32mhttp[39m: Error
[32mhttp[39m: test
[32mhttp[39m:  {"httpStatusCode":401,"description":"invalid username or password"}
[31merror[39m: Error
[33mwarn[39m: Error
[32minfo[39m: Error
[32mhttp[39m: Error
[36mverbose[39m: Error
[34mdebug[39m: Error
[35msilly[39m: Error
[35msilly[39m: silly
[32mhttp[39m: Error
